<?xml version="1.0" encoding="UTF-8"?>
<!-- Generated by org.testng.reporters.JUnitXMLReporter -->
<testsuite hostname="rkamal-mbp" failures="0" tests="4" name="Test" time="0.03" errors="0" timestamp="11 Jun 2018 06:03:00 GMT">
  <testcase classname="mavenlearning.testclass" name="sub" time="0.013"/>
  <testcase classname="mavenlearning.testclass" name="sum" time="0.001"/>
  <testcase classname="mavenlearning.testclass2" name="sub" time="0.001"/>
  <testcase classname="mavenlearning.testclass2" name="sum" time="0.001"/>
</testsuite> <!-- Test -->
